{"name": "test_create_group_anonym", "status": "failed", "statusDetails": {"message": "AssertionError: Wrong status code, Actual: '403', expected 401\nassert 403 == 401\n +  where 403 = <Response [403]>.status_code\n +  and   401 = <lookup 'status_codes'>.unauthorized\n +    where <lookup 'status_codes'> = <module 'requests.status_codes' from 'Z:\\\\Lib\\\\site-packages\\\\requests\\\\status_codes.py'>.codes\n +      where <module 'requests.status_codes' from 'Z:\\\\Lib\\\\site-packages\\\\requests\\\\status_codes.py'> = requests.status_codes", "trace": "self = <back_api.tests.test_create_group_contract.TestCreateGroupContract object at 0x00000214810963C0>, university_api_utils_anonym = <back_api.utils.api_utils.ApiUtils object at 0x0000021483D41910>\n\n    def test_create_group_anonym(self, university_api_utils_anonym):\n        group_helper = GroupHelper(api_utils=university_api_utils_anonym)\n        response = group_helper.post_group({\"name\": faker.name()})\n>       assert (\n            response.status_code == requests.status_codes.codes.unauthorized\n        ), f\"Wrong status code, Actual: '{response.status_code}', expected {requests.status_codes.codes.unauthorized}\"\nE       AssertionError: Wrong status code, Actual: '403', expected 401\nE       assert 403 == 401\nE        +  where 403 = <Response [403]>.status_code\nE        +  and   401 = <lookup 'status_codes'>.unauthorized\nE        +    where <lookup 'status_codes'> = <module 'requests.status_codes' from 'Z:\\\\Lib\\\\site-packages\\\\requests\\\\status_codes.py'>.codes\nE        +      where <module 'requests.status_codes' from 'Z:\\\\Lib\\\\site-packages\\\\requests\\\\status_codes.py'> = requests.status_codes\n\ntests\\test_create_group_contract.py:13: AssertionError"}, "attachments": [{"name": "log", "source": "dd8f1598-553e-4260-8e2b-df7d41116c09-attachment.txt", "type": "text/plain"}], "start": 1756079398546, "stop": 1756079398552, "uuid": "f0fa5d83-1923-4f9d-93ff-3499539e0133", "historyId": "26db3c63bc224dbf0939ccc1d4b35c60", "testCaseId": "26db3c63bc224dbf0939ccc1d4b35c60", "fullName": "tests.test_create_group_contract.TestCreateGroupContract#test_create_group_anonym", "labels": [{"name": "parentSuite", "value": "tests"}, {"name": "suite", "value": "test_create_group_contract"}, {"name": "subSuite", "value": "TestCreateGroupContract"}, {"name": "host", "value": "DESKTOP-RQMIKV1"}, {"name": "thread", "value": "1980-MainThread"}, {"name": "framework", "value": "pytest"}, {"name": "language", "value": "cpython3"}, {"name": "package", "value": "tests.test_create_group_contract"}]}