{"uid":"9f7fd9ac5111b17c","name":"test_get_groups_anonym","fullName":"tests.test_get_groups_contract.TestGetGroupContract#test_get_groups_anonym","historyId":"e896d17ae2524f0b9fe61790cc5e5f9d","time":{"start":1756844533011,"stop":1756844533016,"duration":5},"status":"failed","statusMessage":"AssertionError: Wrong status code, Actual: '403', expected 401\nassert 403 == 401\n +  where 403 = <Response [403]>.status_code\n +  and   401 = <lookup 'status_codes'>.unauthorized\n +    where <lookup 'status_codes'> = <module 'requests.status_codes' from '/usr/local/lib/python3.12/site-packages/requests/status_codes.py'>.codes\n +      where <module 'requests.status_codes' from '/usr/local/lib/python3.12/site-packages/requests/status_codes.py'> = requests.status_codes","statusTrace":"self = <back_api.tests.test_get_groups_contract.TestGetGroupContract object at 0x7197809a9e20>\nuniversity_api_utils_anonym = <back_api.utils.api_utils.ApiUtils object at 0x7197809bb1d0>\n\n>   ???\nE   AssertionError: Wrong status code, Actual: '403', expected 401\nE   assert 403 == 401\nE    +  where 403 = <Response [403]>.status_code\nE    +  and   401 = <lookup 'status_codes'>.unauthorized\nE    +    where <lookup 'status_codes'> = <module 'requests.status_codes' from '/usr/local/lib/python3.12/site-packages/requests/status_codes.py'>.codes\nE    +      where <module 'requests.status_codes' from '/usr/local/lib/python3.12/site-packages/requests/status_codes.py'> = requests.status_codes\n\nC:\\Users\\Vlados-Pisos\\Desktop\\back\\back_api\\tests\\test_get_groups_contract.py:20: AssertionError","flaky":false,"newFailed":false,"newBroken":false,"newPassed":false,"retriesCount":0,"retriesStatusChange":false,"beforeStages":[{"name":"_session_faker","time":{"start":1756844530097,"stop":1756844530098,"duration":1},"status":"passed","steps":[],"attachments":[],"parameters":[],"hasContent":false,"shouldDisplayMessage":false,"attachmentsCount":0,"stepsCount":0,"attachmentStep":false},{"name":"auth_service_readiness","time":{"start":1756844530098,"stop":1756844530101,"duration":3},"status":"passed","steps":[],"attachments":[],"parameters":[],"hasContent":false,"shouldDisplayMessage":false,"attachmentsCount":0,"stepsCount":0,"attachmentStep":false},{"name":"university_api_utils_anonym","time":{"start":1756844533011,"stop":1756844533011,"duration":0},"status":"passed","steps":[],"attachments":[],"parameters":[],"hasContent":false,"shouldDisplayMessage":false,"attachmentsCount":0,"stepsCount":0,"attachmentStep":false}],"testStage":{"status":"failed","statusMessage":"AssertionError: Wrong status code, Actual: '403', expected 401\nassert 403 == 401\n +  where 403 = <Response [403]>.status_code\n +  and   401 = <lookup 'status_codes'>.unauthorized\n +    where <lookup 'status_codes'> = <module 'requests.status_codes' from '/usr/local/lib/python3.12/site-packages/requests/status_codes.py'>.codes\n +      where <module 'requests.status_codes' from '/usr/local/lib/python3.12/site-packages/requests/status_codes.py'> = requests.status_codes","statusTrace":"self = <back_api.tests.test_get_groups_contract.TestGetGroupContract object at 0x7197809a9e20>\nuniversity_api_utils_anonym = <back_api.utils.api_utils.ApiUtils object at 0x7197809bb1d0>\n\n>   ???\nE   AssertionError: Wrong status code, Actual: '403', expected 401\nE   assert 403 == 401\nE    +  where 403 = <Response [403]>.status_code\nE    +  and   401 = <lookup 'status_codes'>.unauthorized\nE    +    where <lookup 'status_codes'> = <module 'requests.status_codes' from '/usr/local/lib/python3.12/site-packages/requests/status_codes.py'>.codes\nE    +      where <module 'requests.status_codes' from '/usr/local/lib/python3.12/site-packages/requests/status_codes.py'> = requests.status_codes\n\nC:\\Users\\Vlados-Pisos\\Desktop\\back\\back_api\\tests\\test_get_groups_contract.py:20: AssertionError","steps":[],"attachments":[{"uid":"74360f53e39de909","name":"log","source":"74360f53e39de909.txt","type":"text/plain","size":313}],"parameters":[],"hasContent":true,"shouldDisplayMessage":true,"attachmentsCount":1,"stepsCount":0,"attachmentStep":false},"afterStages":[],"labels":[{"name":"parentSuite","value":"tests"},{"name":"suite","value":"test_get_groups_contract"},{"name":"subSuite","value":"TestGetGroupContract"},{"name":"host","value":"docker-desktop"},{"name":"thread","value":"1-MainThread"},{"name":"framework","value":"pytest"},{"name":"language","value":"cpython3"},{"name":"package","value":"tests.test_get_groups_contract"},{"name":"resultFormat","value":"allure2"}],"parameters":[],"links":[],"hidden":false,"retry":false,"extra":{"severity":"normal","retries":[],"categories":[{"name":"Product defects","matchedStatuses":[]}],"tags":[]},"source":"9f7fd9ac5111b17c.json","parameterValues":[]}