{"uid":"ed7ac9ad1eab06f6","name":"test_create_group_anonym","fullName":"tests.test_create_group_contract.TestCreateGroupContract#test_create_group_anonym","historyId":"26db3c63bc224dbf0939ccc1d4b35c60","time":{"start":1756844530102,"stop":1756844530106,"duration":4},"status":"failed","statusMessage":"AssertionError: Wrong status code, Actual: '403', expected 401\nassert 403 == 401\n +  where 403 = <Response [403]>.status_code\n +  and   401 = <lookup 'status_codes'>.unauthorized\n +    where <lookup 'status_codes'> = <module 'requests.status_codes' from '/usr/local/lib/python3.12/site-packages/requests/status_codes.py'>.codes\n +      where <module 'requests.status_codes' from '/usr/local/lib/python3.12/site-packages/requests/status_codes.py'> = requests.status_codes","statusTrace":"self = <back_api.tests.test_create_group_contract.TestCreateGroupContract object at 0x7197809a5220>\nuniversity_api_utils_anonym = <back_api.utils.api_utils.ApiUtils object at 0x7197809aef00>\n\n>   ???\nE   AssertionError: Wrong status code, Actual: '403', expected 401\nE   assert 403 == 401\nE    +  where 403 = <Response [403]>.status_code\nE    +  and   401 = <lookup 'status_codes'>.unauthorized\nE    +    where <lookup 'status_codes'> = <module 'requests.status_codes' from '/usr/local/lib/python3.12/site-packages/requests/status_codes.py'>.codes\nE    +      where <module 'requests.status_codes' from '/usr/local/lib/python3.12/site-packages/requests/status_codes.py'> = requests.status_codes\n\nC:\\Users\\Vlados-Pisos\\Desktop\\back\\back_api\\tests\\test_create_group_contract.py:12: AssertionError","flaky":false,"newFailed":false,"newBroken":false,"newPassed":false,"retriesCount":0,"retriesStatusChange":false,"beforeStages":[{"name":"_session_faker","time":{"start":1756844530097,"stop":1756844530098,"duration":1},"status":"passed","steps":[],"attachments":[],"parameters":[],"hasContent":false,"shouldDisplayMessage":false,"attachmentsCount":0,"stepsCount":0,"attachmentStep":false},{"name":"auth_service_readiness","time":{"start":1756844530098,"stop":1756844530101,"duration":3},"status":"passed","steps":[],"attachments":[],"parameters":[],"hasContent":false,"shouldDisplayMessage":false,"attachmentsCount":0,"stepsCount":0,"attachmentStep":false},{"name":"university_api_utils_anonym","time":{"start":1756844530101,"stop":1756844530101,"duration":0},"status":"passed","steps":[],"attachments":[],"parameters":[],"hasContent":false,"shouldDisplayMessage":false,"attachmentsCount":0,"stepsCount":0,"attachmentStep":false}],"testStage":{"status":"failed","statusMessage":"AssertionError: Wrong status code, Actual: '403', expected 401\nassert 403 == 401\n +  where 403 = <Response [403]>.status_code\n +  and   401 = <lookup 'status_codes'>.unauthorized\n +    where <lookup 'status_codes'> = <module 'requests.status_codes' from '/usr/local/lib/python3.12/site-packages/requests/status_codes.py'>.codes\n +      where <module 'requests.status_codes' from '/usr/local/lib/python3.12/site-packages/requests/status_codes.py'> = requests.status_codes","statusTrace":"self = <back_api.tests.test_create_group_contract.TestCreateGroupContract object at 0x7197809a5220>\nuniversity_api_utils_anonym = <back_api.utils.api_utils.ApiUtils object at 0x7197809aef00>\n\n>   ???\nE   AssertionError: Wrong status code, Actual: '403', expected 401\nE   assert 403 == 401\nE    +  where 403 = <Response [403]>.status_code\nE    +  and   401 = <lookup 'status_codes'>.unauthorized\nE    +    where <lookup 'status_codes'> = <module 'requests.status_codes' from '/usr/local/lib/python3.12/site-packages/requests/status_codes.py'>.codes\nE    +      where <module 'requests.status_codes' from '/usr/local/lib/python3.12/site-packages/requests/status_codes.py'> = requests.status_codes\n\nC:\\Users\\Vlados-Pisos\\Desktop\\back\\back_api\\tests\\test_create_group_contract.py:12: AssertionError","steps":[],"attachments":[{"uid":"d4e15cb8079999db","name":"log","source":"d4e15cb8079999db.txt","type":"text/plain","size":408}],"parameters":[],"hasContent":true,"shouldDisplayMessage":true,"attachmentsCount":1,"stepsCount":0,"attachmentStep":false},"afterStages":[],"labels":[{"name":"parentSuite","value":"tests"},{"name":"suite","value":"test_create_group_contract"},{"name":"subSuite","value":"TestCreateGroupContract"},{"name":"host","value":"docker-desktop"},{"name":"thread","value":"1-MainThread"},{"name":"framework","value":"pytest"},{"name":"language","value":"cpython3"},{"name":"package","value":"tests.test_create_group_contract"},{"name":"resultFormat","value":"allure2"}],"parameters":[],"links":[],"hidden":false,"retry":false,"extra":{"severity":"normal","retries":[],"categories":[{"name":"Product defects","matchedStatuses":[]}],"tags":[]},"source":"ed7ac9ad1eab06f6.json","parameterValues":[]}