{"uid":"83f65fb0ee50e5dd","name":"test_get_groups_anonym","fullName":"tests.test_get_groups_contract.TestGetGroupContract#test_get_groups_anonym","historyId":"e896d17ae2524f0b9fe61790cc5e5f9d","time":{"start":1763472132834,"stop":1763472132836,"duration":2},"status":"failed","statusMessage":"AssertionError: Wrong status code, Actual: '403', expected 401\nassert 403 == 401\n +  where 403 = <Response [403]>.status_code\n +  and   401 = <lookup 'status_codes'>.unauthorized\n +    where <lookup 'status_codes'> = <module 'requests.status_codes' from '/usr/local/lib/python3.12/site-packages/requests/status_codes.py'>.codes\n +      where <module 'requests.status_codes' from '/usr/local/lib/python3.12/site-packages/requests/status_codes.py'> = requests.status_codes","statusTrace":"self = <back_api.tests.test_get_groups_contract.TestGetGroupContract object at 0x7f22eb37c380>\nuniversity_api_utils_anonym = <back_api.utils.api_utils.ApiUtils object at 0x7f22eb38b320>\n\n    def test_get_groups_anonym(self, university_api_utils_anonym):\n        group_helper = GroupHelper(api_utils=university_api_utils_anonym)\n        response = group_helper.get_groups()\n>       assert (\n            response.status_code == requests.status_codes.codes.unauthorized\n        ), f\"Wrong status code, Actual: '{response.status_code}', expected {requests.status_codes.codes.unauthorized}\"\nE       AssertionError: Wrong status code, Actual: '403', expected 401\nE       assert 403 == 401\nE        +  where 403 = <Response [403]>.status_code\nE        +  and   401 = <lookup 'status_codes'>.unauthorized\nE        +    where <lookup 'status_codes'> = <module 'requests.status_codes' from '/usr/local/lib/python3.12/site-packages/requests/status_codes.py'>.codes\nE        +      where <module 'requests.status_codes' from '/usr/local/lib/python3.12/site-packages/requests/status_codes.py'> = requests.status_codes\n\ntests/test_get_groups_contract.py:20: AssertionError","flaky":false,"newFailed":false,"newBroken":false,"newPassed":false,"retriesCount":0,"retriesStatusChange":false,"beforeStages":[{"name":"_session_faker","time":{"start":1763472130091,"stop":1763472130092,"duration":1},"status":"passed","steps":[],"attachments":[],"parameters":[],"shouldDisplayMessage":false,"stepsCount":0,"attachmentsCount":0,"hasContent":false,"attachmentStep":false},{"name":"auth_service_readiness","time":{"start":1763472130092,"stop":1763472130095,"duration":3},"status":"passed","steps":[],"attachments":[],"parameters":[],"shouldDisplayMessage":false,"stepsCount":0,"attachmentsCount":0,"hasContent":false,"attachmentStep":false},{"name":"university_api_utils_anonym","time":{"start":1763472132834,"stop":1763472132834,"duration":0},"status":"passed","steps":[],"attachments":[],"parameters":[],"shouldDisplayMessage":false,"stepsCount":0,"attachmentsCount":0,"hasContent":false,"attachmentStep":false}],"testStage":{"status":"failed","statusMessage":"AssertionError: Wrong status code, Actual: '403', expected 401\nassert 403 == 401\n +  where 403 = <Response [403]>.status_code\n +  and   401 = <lookup 'status_codes'>.unauthorized\n +    where <lookup 'status_codes'> = <module 'requests.status_codes' from '/usr/local/lib/python3.12/site-packages/requests/status_codes.py'>.codes\n +      where <module 'requests.status_codes' from '/usr/local/lib/python3.12/site-packages/requests/status_codes.py'> = requests.status_codes","statusTrace":"self = <back_api.tests.test_get_groups_contract.TestGetGroupContract object at 0x7f22eb37c380>\nuniversity_api_utils_anonym = <back_api.utils.api_utils.ApiUtils object at 0x7f22eb38b320>\n\n    def test_get_groups_anonym(self, university_api_utils_anonym):\n        group_helper = GroupHelper(api_utils=university_api_utils_anonym)\n        response = group_helper.get_groups()\n>       assert (\n            response.status_code == requests.status_codes.codes.unauthorized\n        ), f\"Wrong status code, Actual: '{response.status_code}', expected {requests.status_codes.codes.unauthorized}\"\nE       AssertionError: Wrong status code, Actual: '403', expected 401\nE       assert 403 == 401\nE        +  where 403 = <Response [403]>.status_code\nE        +  and   401 = <lookup 'status_codes'>.unauthorized\nE        +    where <lookup 'status_codes'> = <module 'requests.status_codes' from '/usr/local/lib/python3.12/site-packages/requests/status_codes.py'>.codes\nE        +      where <module 'requests.status_codes' from '/usr/local/lib/python3.12/site-packages/requests/status_codes.py'> = requests.status_codes\n\ntests/test_get_groups_contract.py:20: AssertionError","steps":[],"attachments":[{"uid":"7cb11c148e9e55a","name":"log","source":"7cb11c148e9e55a.txt","type":"text/plain","size":313}],"parameters":[],"shouldDisplayMessage":true,"stepsCount":0,"attachmentsCount":1,"hasContent":true,"attachmentStep":false},"afterStages":[],"labels":[{"name":"parentSuite","value":"tests"},{"name":"suite","value":"test_get_groups_contract"},{"name":"subSuite","value":"TestGetGroupContract"},{"name":"host","value":"runnervmg1sw1"},{"name":"thread","value":"1-MainThread"},{"name":"framework","value":"pytest"},{"name":"language","value":"cpython3"},{"name":"package","value":"tests.test_get_groups_contract"},{"name":"resultFormat","value":"allure2"}],"parameters":[],"links":[],"hidden":false,"retry":false,"extra":{"severity":"normal","retries":[],"categories":[{"name":"Product defects","matchedStatuses":[]}],"tags":[]},"source":"83f65fb0ee50e5dd.json","parameterValues":[]}